2025-04-26 00:50:20,121 - INFO - Guitar: Создана гитара Fender Stratocaster
2025-04-26 00:50:20,122 - INFO - Piano: Создано пианино Yamaha U1
2025-04-26 00:50:20,122 - INFO - Violin: Создана скрипка Stradivarius Copy
2025-04-26 00:50:20,122 - INFO - Guitar: Создана гитара Gibson Les Paul
2025-04-26 00:50:20,122 - INFO - Piano: Создано пианино Steinway D
2025-04-26 00:50:20,122 - INFO - Violin: Создана скрипка Amati Copy
2025-04-26 00:50:20,122 - INFO - Guitar: Создана гитара Ibanez RG
2025-04-26 00:50:20,122 - INFO - Guitar: Рассчитана стоимость аренды гитары Fender Stratocaster на 10 дней: 400.0
2025-04-26 00:50:20,122 - INFO - Rental: Рассчитана стоимость аренды #93259fb6-2382-41eb-9961-eb23bde80fb7: 400.0
2025-04-26 00:50:20,122 - INFO - Rental: Создана аренда #93259fb6-2382-41eb-9961-eb23bde80fb7 для Иван Иванов
2025-04-26 00:50:20,122 - INFO - Guitar: Рассчитана стоимость аренды гитары Fender Stratocaster на 10 дней: 400.0
2025-04-26 00:50:20,122 - INFO - Rental: Рассчитана стоимость аренды #93259fb6-2382-41eb-9961-eb23bde80fb7: 450.0
2025-04-26 00:50:20,122 - INFO - Rental: Добавлен аксессуар Гитарный чехол к аренде #93259fb6-2382-41eb-9961-eb23bde80fb7
2025-04-26 00:50:20,122 - INFO - Rental: Инструмент Fender Stratocaster арендован для Иван Иванов
2025-04-26 00:50:20,122 - INFO - Rental: Сгенерирован отчет для аренды #93259fb6-2382-41eb-9961-eb23bde80fb7
2025-04-26 00:50:20,122 - INFO - Guitar: Рассчитана стоимость аренды гитары Fender Stratocaster на 10 дней: 400.0
2025-04-26 00:50:20,122 - INFO - Rental: Рассчитана стоимость аренды #93259fb6-2382-41eb-9961-eb23bde80fb7: 400.0
2025-04-26 00:50:20,122 - INFO - Rental: Удален аксессуар Гитарный чехол из аренды #93259fb6-2382-41eb-9961-eb23bde80fb7
2025-04-26 00:57:29,352 - INFO - Guitar: Создана гитара Fender Stratocaster
2025-04-26 00:57:29,353 - INFO - Piano: Создано пианино Yamaha U1
2025-04-26 00:57:29,353 - INFO - Violin: Создана скрипка Stradivarius Copy
2025-04-26 00:57:29,353 - INFO - Guitar: Создана гитара Gibson Les Paul
2025-04-26 00:57:29,353 - INFO - Piano: Создано пианино Steinway D
2025-04-26 00:57:29,353 - INFO - Violin: Создана скрипка Amati Copy
2025-04-26 00:57:29,353 - INFO - Guitar: Создана гитара Ibanez RG
2025-04-26 00:57:29,353 - INFO - Guitar: Рассчитана стоимость аренды гитары Fender Stratocaster на 10 дней: 400.0
2025-04-26 00:57:29,353 - INFO - Rental: Рассчитана стоимость аренды #2dc6f7a3-2214-43bd-bc8e-8017570b443f: 400.0
2025-04-26 00:57:29,353 - INFO - Rental: Создана аренда #2dc6f7a3-2214-43bd-bc8e-8017570b443f для Иван Иванов
2025-04-26 00:57:29,353 - INFO - Guitar: Рассчитана стоимость аренды гитары Fender Stratocaster на 10 дней: 400.0
2025-04-26 00:57:29,353 - INFO - Rental: Рассчитана стоимость аренды #2dc6f7a3-2214-43bd-bc8e-8017570b443f: 450.0
2025-04-26 00:57:29,353 - INFO - Rental: Добавлен аксессуар Гитарный чехол к аренде #2dc6f7a3-2214-43bd-bc8e-8017570b443f
2025-04-26 00:57:29,353 - INFO - Rental: Инструмент Fender Stratocaster арендован для Иван Иванов
2025-04-26 00:57:29,353 - INFO - Rental: Сгенерирован отчет для аренды #2dc6f7a3-2214-43bd-bc8e-8017570b443f
2025-04-26 00:57:29,353 - INFO - Guitar: Рассчитана стоимость аренды гитары Fender Stratocaster на 10 дней: 400.0
2025-04-26 00:57:29,353 - INFO - Rental: Рассчитана стоимость аренды #2dc6f7a3-2214-43bd-bc8e-8017570b443f: 400.0
2025-04-26 00:57:29,353 - INFO - Rental: Удален аксессуар Гитарный чехол из аренды #2dc6f7a3-2214-43bd-bc8e-8017570b443f
2025-04-26 01:01:28,656 - INFO - Guitar: Создана гитара Fender Stratocaster
2025-04-26 01:01:28,656 - INFO - Piano: Создано пианино Yamaha U1
2025-04-26 01:01:28,656 - INFO - Violin: Создана скрипка Stradivarius Copy
2025-04-26 01:01:28,656 - INFO - Guitar: Создана гитара Gibson Les Paul
2025-04-26 01:01:28,656 - INFO - Piano: Создано пианино Steinway D
2025-04-26 01:01:28,656 - INFO - Violin: Создана скрипка Amati Copy
2025-04-26 01:01:28,656 - INFO - Guitar: Создана гитара Ibanez RG
2025-04-26 01:01:28,656 - INFO - Guitar: Рассчитана стоимость аренды гитары Fender Stratocaster на 10 дней: 400.0
2025-04-26 01:01:28,656 - INFO - Rental: Рассчитана стоимость аренды #442c7e43-0618-4bd4-bc1e-e99adc0cb557: 400.0
2025-04-26 01:01:28,656 - INFO - Rental: Создана аренда #442c7e43-0618-4bd4-bc1e-e99adc0cb557 для Иван Иванов
2025-04-26 01:01:28,656 - INFO - Guitar: Рассчитана стоимость аренды гитары Fender Stratocaster на 10 дней: 400.0
2025-04-26 01:01:28,656 - INFO - Rental: Рассчитана стоимость аренды #442c7e43-0618-4bd4-bc1e-e99adc0cb557: 450.0
2025-04-26 01:01:28,656 - INFO - Rental: Добавлен аксессуар Гитарный чехол к аренде #442c7e43-0618-4bd4-bc1e-e99adc0cb557
2025-04-26 01:03:41,868 - INFO - Guitar: Создана гитара Fender Stratocaster
2025-04-26 01:03:41,869 - INFO - Piano: Создано пианино Yamaha U1
2025-04-26 01:03:41,869 - INFO - Violin: Создана скрипка Stradivarius Copy
2025-04-26 01:03:41,869 - INFO - Guitar: Создана гитара Gibson Les Paul
2025-04-26 01:03:41,869 - INFO - Piano: Создано пианино Steinway D
2025-04-26 01:03:41,869 - INFO - Violin: Создана скрипка Amati Copy
2025-04-26 01:03:41,869 - INFO - Guitar: Создана гитара Ibanez RG
2025-04-26 01:03:41,869 - INFO - Guitar: Рассчитана стоимость аренды гитары Fender Stratocaster на 10 дней: 400.0
2025-04-26 01:03:41,869 - INFO - Rental: Рассчитана стоимость аренды #40e3ad33-5655-48e6-bfa2-981bdb8ac1b7: 400.0
2025-04-26 01:03:41,869 - INFO - Rental: Создана аренда #40e3ad33-5655-48e6-bfa2-981bdb8ac1b7 для Иван Иванов
2025-04-26 01:03:41,869 - INFO - Guitar: Рассчитана стоимость аренды гитары Fender Stratocaster на 10 дней: 400.0
2025-04-26 01:03:41,869 - INFO - Rental: Рассчитана стоимость аренды #40e3ad33-5655-48e6-bfa2-981bdb8ac1b7: 450.0
2025-04-26 01:03:41,869 - INFO - Rental: Добавлен аксессуар Гитарный чехол к аренде #40e3ad33-5655-48e6-bfa2-981bdb8ac1b7
2025-04-26 01:04:43,235 - INFO - Guitar: Создана гитара Fender Stratocaster
2025-04-26 01:04:43,235 - INFO - Piano: Создано пианино Yamaha U1
2025-04-26 01:04:43,235 - INFO - Violin: Создана скрипка Stradivarius Copy
2025-04-26 01:04:43,235 - INFO - Guitar: Создана гитара Gibson Les Paul
2025-04-26 01:04:43,235 - INFO - Piano: Создано пианино Steinway D
2025-04-26 01:04:43,235 - INFO - Violin: Создана скрипка Amati Copy
2025-04-26 01:04:43,235 - INFO - Guitar: Создана гитара Ibanez RG
2025-04-26 01:04:43,236 - INFO - Guitar: Рассчитана стоимость аренды гитары Fender Stratocaster на 10 дней: 400.0
2025-04-26 01:04:43,236 - INFO - Rental: Рассчитана стоимость аренды #1c4d0058-a691-4400-9de9-a146d382f88f: 400.0
2025-04-26 01:04:43,236 - INFO - Rental: Создана аренда #1c4d0058-a691-4400-9de9-a146d382f88f для Иван Иванов
2025-04-26 01:04:43,236 - INFO - Guitar: Рассчитана стоимость аренды гитары Fender Stratocaster на 10 дней: 400.0
2025-04-26 01:04:43,236 - INFO - Rental: Рассчитана стоимость аренды #1c4d0058-a691-4400-9de9-a146d382f88f: 450.0
2025-04-26 01:04:43,236 - INFO - Rental: Добавлен аксессуар Гитарный чехол к аренде #1c4d0058-a691-4400-9de9-a146d382f88f
2025-04-26 01:05:28,448 - INFO - Guitar: Создана гитара Fender Stratocaster
2025-04-26 01:05:28,449 - INFO - Piano: Создано пианино Yamaha U1
2025-04-26 01:05:28,449 - INFO - Violin: Создана скрипка Stradivarius Copy
2025-04-26 01:05:28,449 - INFO - Guitar: Создана гитара Gibson Les Paul
2025-04-26 01:05:28,449 - INFO - Piano: Создано пианино Steinway D
2025-04-26 01:05:28,449 - INFO - Violin: Создана скрипка Amati Copy
2025-04-26 01:05:28,449 - INFO - Guitar: Создана гитара Ibanez RG
2025-04-26 01:05:28,449 - INFO - Guitar: Рассчитана стоимость аренды гитары Fender Stratocaster на 10 дней: 400.0
2025-04-26 01:05:28,449 - INFO - Rental: Рассчитана стоимость аренды #ac7fe89b-2935-437c-90d7-d6167f18feaa: 400.0
2025-04-26 01:05:28,449 - INFO - Rental: Создана аренда #ac7fe89b-2935-437c-90d7-d6167f18feaa для Иван Иванов
2025-04-26 01:05:28,449 - INFO - Guitar: Рассчитана стоимость аренды гитары Fender Stratocaster на 10 дней: 400.0
2025-04-26 01:05:28,449 - INFO - Rental: Рассчитана стоимость аренды #ac7fe89b-2935-437c-90d7-d6167f18feaa: 450.0
2025-04-26 01:05:28,449 - INFO - Rental: Добавлен аксессуар Гитарный чехол к аренде #ac7fe89b-2935-437c-90d7-d6167f18feaa
2025-04-26 01:06:23,091 - INFO - Guitar: Создана гитара Fender Stratocaster
2025-04-26 01:06:23,091 - INFO - Piano: Создано пианино Yamaha U1
2025-04-26 01:06:23,091 - INFO - Violin: Создана скрипка Stradivarius Copy
2025-04-26 01:06:23,092 - INFO - Guitar: Создана гитара Gibson Les Paul
2025-04-26 01:06:23,092 - INFO - Piano: Создано пианино Steinway D
2025-04-26 01:06:23,092 - INFO - Violin: Создана скрипка Amati Copy
2025-04-26 01:06:23,092 - INFO - Guitar: Создана гитара Ibanez RG
2025-04-26 01:06:23,092 - INFO - Guitar: Рассчитана стоимость аренды гитары Fender Stratocaster на 10 дней: 400.0
2025-04-26 01:06:23,092 - INFO - Rental: Рассчитана стоимость аренды #cea6da54-8e0c-4727-a0a4-2354bfb4650d: 400.0
2025-04-26 01:06:23,092 - INFO - Rental: Создана аренда #cea6da54-8e0c-4727-a0a4-2354bfb4650d для Иван Иванов
2025-04-26 01:06:23,092 - INFO - Guitar: Рассчитана стоимость аренды гитары Fender Stratocaster на 10 дней: 400.0
2025-04-26 01:06:23,092 - INFO - Rental: Рассчитана стоимость аренды #cea6da54-8e0c-4727-a0a4-2354bfb4650d: 450.0
2025-04-26 01:06:23,092 - INFO - Rental: Добавлен аксессуар Гитарный чехол к аренде #cea6da54-8e0c-4727-a0a4-2354bfb4650d
2025-04-26 01:07:12,590 - INFO - Guitar: Создана гитара Fender Stratocaster
2025-04-26 01:07:12,590 - INFO - Piano: Создано пианино Yamaha U1
2025-04-26 01:07:12,590 - INFO - Violin: Создана скрипка Stradivarius Copy
2025-04-26 01:07:12,590 - INFO - Guitar: Создана гитара Gibson Les Paul
2025-04-26 01:07:12,590 - INFO - Piano: Создано пианино Steinway D
2025-04-26 01:07:12,590 - INFO - Violin: Создана скрипка Amati Copy
2025-04-26 01:07:12,591 - INFO - Guitar: Создана гитара Ibanez RG
2025-04-26 01:07:12,591 - INFO - Guitar: Рассчитана стоимость аренды гитары Fender Stratocaster на 10 дней: 400.0
2025-04-26 01:07:12,591 - INFO - Rental: Рассчитана стоимость аренды #30d8b261-44a3-47b9-a7d3-050b903effb8: 400.0
2025-04-26 01:07:12,591 - INFO - Rental: Создана аренда #30d8b261-44a3-47b9-a7d3-050b903effb8 для Иван Иванов
2025-04-26 01:07:17,541 - INFO - Guitar: Рассчитана стоимость аренды гитары Fender Stratocaster на 10 дней: 400.0
2025-04-26 01:07:17,541 - INFO - Rental: Рассчитана стоимость аренды #30d8b261-44a3-47b9-a7d3-050b903effb8: 450.0
2025-04-26 01:07:17,541 - INFO - Rental: Добавлен аксессуар Гитарный чехол к аренде #30d8b261-44a3-47b9-a7d3-050b903effb8
2025-04-26 01:07:39,663 - INFO - Guitar: Создана гитара Fender Stratocaster
2025-04-26 01:07:39,663 - INFO - Piano: Создано пианино Yamaha U1
2025-04-26 01:07:39,663 - INFO - Violin: Создана скрипка Stradivarius Copy
2025-04-26 01:07:39,663 - INFO - Guitar: Создана гитара Gibson Les Paul
2025-04-26 01:07:39,663 - INFO - Piano: Создано пианино Steinway D
2025-04-26 01:07:39,663 - INFO - Violin: Создана скрипка Amati Copy
2025-04-26 01:07:39,663 - INFO - Guitar: Создана гитара Ibanez RG
2025-04-26 01:07:39,663 - INFO - Guitar: Рассчитана стоимость аренды гитары Fender Stratocaster на 10 дней: 400.0
2025-04-26 01:07:39,663 - INFO - Rental: Рассчитана стоимость аренды #9777ff90-27cc-470b-b2c9-db1df09f1ae8: 400.0
2025-04-26 01:07:39,664 - INFO - Rental: Создана аренда #9777ff90-27cc-470b-b2c9-db1df09f1ae8 для Иван Иванов
2025-04-26 01:07:41,772 - INFO - Guitar: Рассчитана стоимость аренды гитары Fender Stratocaster на 10 дней: 400.0
2025-04-26 01:07:41,773 - INFO - Rental: Рассчитана стоимость аренды #9777ff90-27cc-470b-b2c9-db1df09f1ae8: 450.0
2025-04-26 01:07:41,774 - INFO - Rental: Добавлен аксессуар Гитарный чехол к аренде #9777ff90-27cc-470b-b2c9-db1df09f1ae8
2025-04-26 01:09:27,281 - INFO - Guitar: Создана гитара Fender Stratocaster
2025-04-26 01:09:27,282 - INFO - Piano: Создано пианино Yamaha U1
2025-04-26 01:09:27,282 - INFO - Violin: Создана скрипка Stradivarius Copy
2025-04-26 01:09:27,282 - INFO - Guitar: Создана гитара Gibson Les Paul
2025-04-26 01:09:27,282 - INFO - Piano: Создано пианино Steinway D
2025-04-26 01:09:27,282 - INFO - Violin: Создана скрипка Amati Copy
2025-04-26 01:09:27,282 - INFO - Guitar: Создана гитара Ibanez RG
2025-04-26 01:09:27,282 - INFO - Guitar: Рассчитана стоимость аренды гитары Fender Stratocaster на 10 дней: 400.0
2025-04-26 01:09:27,282 - INFO - Rental: Рассчитана стоимость аренды #765b7978-52f9-4401-aaf4-77f07675bbde: 400.0
2025-04-26 01:09:27,282 - INFO - Rental: Создана аренда #765b7978-52f9-4401-aaf4-77f07675bbde для Иван Иванов
2025-04-26 01:09:27,282 - INFO - Guitar: Рассчитана стоимость аренды гитары Fender Stratocaster на 10 дней: 400.0
2025-04-26 01:09:27,282 - INFO - Rental: Рассчитана стоимость аренды #765b7978-52f9-4401-aaf4-77f07675bbde: 450.0
2025-04-26 01:09:27,282 - INFO - Rental: Добавлен аксессуар Гитарный чехол к аренде #765b7978-52f9-4401-aaf4-77f07675bbde
